2017-11-07 16:27:51 [qtp1469553404-51] c.a.l.controllers.ButtonController : Click Event :StatusCheck [event=ryh, target=ry, x_co_ordinate=ry, y_co_ordinate=ry, scrolltop=ry, timestamp=ry, keycode=ry, hover_data=ry]
2017-11-07 16:46:32 [qtp1469553404-54] c.a.l.controllers.ButtonController : Click Event :StatusCheck [event=ryh, target=ry, x_co_ordinate=ry, y_co_ordinate=ry, scrolltop=ry, timestamp=ry, keycode=ry, hover_data=ry]
2017-11-07 16:56:04 [qtp1469553404-53] o.s.web.servlet.PageNotFound : Request method 'GET' not supported
2017-11-07 16:56:04 [qtp1469553404-53] o.s.w.s.m.s.DefaultHandlerExceptionResolver : Resolved exception caused by Handler execution: org.springframework.web.HttpRequestMethodNotSupportedException: Request method 'GET' not supported
2017-11-07 16:56:27 [qtp1469553404-57] o.s.web.servlet.PageNotFound : Request method 'GET' not supported
2017-11-07 16:56:27 [qtp1469553404-57] o.s.w.s.m.s.DefaultHandlerExceptionResolver : Resolved exception caused by Handler execution: org.springframework.web.HttpRequestMethodNotSupportedException: Request method 'GET' not supported
2017-11-07 17:50:33 [qtp1469553404-54] o.s.web.servlet.PageNotFound : Request method 'GET' not supported
2017-11-07 17:50:33 [qtp1469553404-54] o.s.w.s.m.s.DefaultHandlerExceptionResolver : Resolved exception caused by Handler execution: org.springframework.web.HttpRequestMethodNotSupportedException: Request method 'GET' not supported
2017-11-07 17:51:27 [qtp1469553404-51] o.s.web.servlet.PageNotFound : Request method 'GET' not supported
2017-11-07 17:51:27 [qtp1469553404-51] o.s.w.s.m.s.DefaultHandlerExceptionResolver : Resolved exception caused by Handler execution: org.springframework.web.HttpRequestMethodNotSupportedException: Request method 'GET' not supported
2017-11-07 18:06:30 [qtp1469553404-55] o.s.web.servlet.PageNotFound : Request method 'GET' not supported
2017-11-07 18:06:30 [qtp1469553404-55] o.s.w.s.m.s.DefaultHandlerExceptionResolver : Resolved exception caused by Handler execution: org.springframework.web.HttpRequestMethodNotSupportedException: Request method 'GET' not supported
2017-11-07 19:08:36 [RMI TCP Connection(2)-127.0.0.1] o.s.b.a.SpringApplicationAdminMXBeanRegistrar$SpringApplicationAdmin : Application shutdown requested.
2017-11-07 19:08:36 [RMI TCP Connection(2)-127.0.0.1] o.s.b.c.e.AnnotationConfigEmbeddedWebApplicationContext : Closing org.springframework.boot.context.embedded.AnnotationConfigEmbeddedWebApplicationContext@1c457d7a: startup date [Tue Nov 07 16:24:42 IST 2017]; root of context hierarchy
2017-11-07 19:08:36 [RMI TCP Connection(2)-127.0.0.1] o.s.j.e.a.AnnotationMBeanExporter : Unregistering JMX-exposed beans on shutdown
2017-11-07 19:08:36 [RMI TCP Connection(2)-127.0.0.1] o.e.jetty.server.AbstractConnector : Stopped ServerConnector@511c664a{HTTP/1.1,[http/1.1]}{0.0.0.0:8080}
2017-11-07 19:08:36 [RMI TCP Connection(2)-127.0.0.1] org.eclipse.jetty.server.session : Stopped scavenging
2017-11-07 19:08:36 [RMI TCP Connection(2)-127.0.0.1] o.e.j.s.h.ContextHandler.application : Destroying Spring FrameworkServlet 'dispatcherServlet'
2017-11-07 19:08:36 [RMI TCP Connection(2)-127.0.0.1] o.e.j.server.handler.ContextHandler : Stopped o.s.b.c.e.j.JettyEmbeddedWebAppContext@58bb9b1e{/,[file:///tmp/jetty-docbase.910947693439847019.8080/],UNAVAILABLE}
2017-11-08 11:13:35 [main] c.a.l.AnalyticsApplicationTests : Starting AnalyticsApplicationTests on manoj with PID 8567 (started by manoj in /home/manoj/Documents/staples_tricia/Analytics)
2017-11-08 11:13:36 [main] c.a.l.AnalyticsApplicationTests : No active profile set, falling back to default profiles: default
2017-11-08 11:13:36 [main] o.s.w.c.s.GenericWebApplicationContext : Refreshing org.springframework.web.context.support.GenericWebApplicationContext@58cbafc2: startup date [Wed Nov 08 11:13:36 IST 2017]; root of context hierarchy
2017-11-08 11:13:41 [main] o.s.w.s.m.m.a.RequestMappingHandlerAdapter : Looking for @ControllerAdvice: org.springframework.web.context.support.GenericWebApplicationContext@58cbafc2: startup date [Wed Nov 08 11:13:36 IST 2017]; root of context hierarchy
2017-11-08 11:13:41 [main] o.s.w.s.m.m.a.RequestMappingHandlerMapping : Mapped "{[/saveHistory],methods=[POST]}" onto public org.springframework.http.ResponseEntity<java.lang.String> com.analytics.library.controllers.ButtonController.persistHistory(com.analytics.library.models.StatusCheck)
2017-11-08 11:13:41 [main] o.s.w.s.m.m.a.RequestMappingHandlerMapping : Mapped "{[/health],methods=[GET]}" onto public org.springframework.http.ResponseEntity<com.analytics.library.models.HealthStatus> com.analytics.library.controllers.HealthController.healthCheck()
2017-11-08 11:13:42 [main] o.s.w.s.m.m.a.RequestMappingHandlerMapping : Mapped "{[/error],produces=[text/html]}" onto public org.springframework.web.servlet.ModelAndView org.springframework.boot.autoconfigure.web.BasicErrorController.errorHtml(javax.servlet.http.HttpServletRequest,javax.servlet.http.HttpServletResponse)
2017-11-08 11:13:42 [main] o.s.w.s.m.m.a.RequestMappingHandlerMapping : Mapped "{[/error]}" onto public org.springframework.http.ResponseEntity<java.util.Map<java.lang.String, java.lang.Object>> org.springframework.boot.autoconfigure.web.BasicErrorController.error(javax.servlet.http.HttpServletRequest)
2017-11-08 11:13:42 [main] o.s.w.s.h.SimpleUrlHandlerMapping : Mapped URL path [/webjars/**] onto handler of type [class org.springframework.web.servlet.resource.ResourceHttpRequestHandler]
2017-11-08 11:13:42 [main] o.s.w.s.h.SimpleUrlHandlerMapping : Mapped URL path [/**] onto handler of type [class org.springframework.web.servlet.resource.ResourceHttpRequestHandler]
2017-11-08 11:13:42 [main] o.s.w.s.h.SimpleUrlHandlerMapping : Mapped URL path [/**/favicon.ico] onto handler of type [class org.springframework.web.servlet.resource.ResourceHttpRequestHandler]
2017-11-08 11:13:42 [main] c.a.l.AnalyticsApplicationTests : Started AnalyticsApplicationTests in 7.758 seconds (JVM running for 9.957)
2017-11-08 11:13:42 [Thread-3] o.s.w.c.s.GenericWebApplicationContext : Closing org.springframework.web.context.support.GenericWebApplicationContext@58cbafc2: startup date [Wed Nov 08 11:13:36 IST 2017]; root of context hierarchy
2017-11-08 11:14:44 [restartedMain] c.a.library.AnalyticsApplication : Starting AnalyticsApplication on manoj with PID 8957 (/home/manoj/Documents/staples_tricia/Analytics/target/classes started by manoj in /home/manoj/Documents/staples_tricia/Analytics)
2017-11-08 11:14:44 [restartedMain] c.a.library.AnalyticsApplication : No active profile set, falling back to default profiles: default
2017-11-08 11:14:44 [restartedMain] o.s.b.c.e.AnnotationConfigEmbeddedWebApplicationContext : Refreshing org.springframework.boot.context.embedded.AnnotationConfigEmbeddedWebApplicationContext@608ffbbe: startup date [Wed Nov 08 11:14:44 IST 2017]; root of context hierarchy
2017-11-08 11:14:46 [restartedMain] org.eclipse.jetty.util.log : Logging initialized @8562ms to org.eclipse.jetty.util.log.Slf4jLog
2017-11-08 11:14:46 [restartedMain] o.s.b.c.e.j.JettyEmbeddedServletContainerFactory : Server initialized with port: 8080
2017-11-08 11:14:46 [restartedMain] org.eclipse.jetty.server.Server : jetty-9.4.5.v20170502
2017-11-08 11:14:46 [restartedMain] org.eclipse.jetty.server.session : DefaultSessionIdManager workerName=node0
2017-11-08 11:14:46 [restartedMain] org.eclipse.jetty.server.session : No SessionScavenger set, using defaults
2017-11-08 11:14:46 [restartedMain] org.eclipse.jetty.server.session : Scavenging every 600000ms
2017-11-08 11:14:46 [restartedMain] o.e.j.s.h.ContextHandler.application : Initializing Spring embedded WebApplicationContext
2017-11-08 11:14:46 [restartedMain] o.s.web.context.ContextLoader : Root WebApplicationContext: initialization completed in 2047 ms
2017-11-08 11:14:46 [restartedMain] o.s.b.w.s.ServletRegistrationBean : Mapping servlet: 'dispatcherServlet' to [/]
2017-11-08 11:14:46 [restartedMain] o.s.b.w.s.FilterRegistrationBean : Mapping filter: 'characterEncodingFilter' to: [/*]
2017-11-08 11:14:46 [restartedMain] o.s.b.w.s.FilterRegistrationBean : Mapping filter: 'hiddenHttpMethodFilter' to: [/*]
2017-11-08 11:14:46 [restartedMain] o.s.b.w.s.FilterRegistrationBean : Mapping filter: 'httpPutFormContentFilter' to: [/*]
2017-11-08 11:14:46 [restartedMain] o.s.b.w.s.FilterRegistrationBean : Mapping filter: 'requestContextFilter' to: [/*]
2017-11-08 11:14:46 [restartedMain] o.e.j.server.handler.ContextHandler : Started o.s.b.c.e.j.JettyEmbeddedWebAppContext@2bb8ecec{/,[file:///tmp/jetty-docbase.3319676109124184756.8080/],AVAILABLE}
2017-11-08 11:14:47 [restartedMain] org.eclipse.jetty.server.Server : Started @9161ms
2017-11-08 11:14:47 [restartedMain] o.s.w.s.m.m.a.RequestMappingHandlerAdapter : Looking for @ControllerAdvice: org.springframework.boot.context.embedded.AnnotationConfigEmbeddedWebApplicationContext@608ffbbe: startup date [Wed Nov 08 11:14:44 IST 2017]; root of context hierarchy
2017-11-08 11:14:47 [restartedMain] o.s.w.s.m.m.a.RequestMappingHandlerMapping : Mapped "{[/saveHistory],methods=[POST]}" onto public org.springframework.http.ResponseEntity<java.lang.String> com.analytics.library.controllers.ButtonController.persistHistory(com.analytics.library.models.StatusCheck)
2017-11-08 11:14:47 [restartedMain] o.s.w.s.m.m.a.RequestMappingHandlerMapping : Mapped "{[/health],methods=[GET]}" onto public org.springframework.http.ResponseEntity<com.analytics.library.models.HealthStatus> com.analytics.library.controllers.HealthController.healthCheck()
2017-11-08 11:14:47 [restartedMain] o.s.w.s.m.m.a.RequestMappingHandlerMapping : Mapped "{[/error],produces=[text/html]}" onto public org.springframework.web.servlet.ModelAndView org.springframework.boot.autoconfigure.web.BasicErrorController.errorHtml(javax.servlet.http.HttpServletRequest,javax.servlet.http.HttpServletResponse)
2017-11-08 11:14:47 [restartedMain] o.s.w.s.m.m.a.RequestMappingHandlerMapping : Mapped "{[/error]}" onto public org.springframework.http.ResponseEntity<java.util.Map<java.lang.String, java.lang.Object>> org.springframework.boot.autoconfigure.web.BasicErrorController.error(javax.servlet.http.HttpServletRequest)
2017-11-08 11:14:47 [restartedMain] o.s.w.s.h.SimpleUrlHandlerMapping : Mapped URL path [/webjars/**] onto handler of type [class org.springframework.web.servlet.resource.ResourceHttpRequestHandler]
2017-11-08 11:14:47 [restartedMain] o.s.w.s.h.SimpleUrlHandlerMapping : Mapped URL path [/**] onto handler of type [class org.springframework.web.servlet.resource.ResourceHttpRequestHandler]
2017-11-08 11:14:47 [restartedMain] o.s.w.s.h.SimpleUrlHandlerMapping : Mapped URL path [/**/favicon.ico] onto handler of type [class org.springframework.web.servlet.resource.ResourceHttpRequestHandler]
2017-11-08 11:14:47 [restartedMain] o.s.b.d.a.OptionalLiveReloadServer : LiveReload server is running on port 35729
2017-11-08 11:14:47 [restartedMain] o.s.j.e.a.AnnotationMBeanExporter : Registering beans for JMX exposure on startup
2017-11-08 11:14:47 [restartedMain] o.e.j.s.h.ContextHandler.application : Initializing Spring FrameworkServlet 'dispatcherServlet'
2017-11-08 11:14:47 [restartedMain] o.s.web.servlet.DispatcherServlet : FrameworkServlet 'dispatcherServlet': initialization started
2017-11-08 11:14:47 [restartedMain] o.s.web.servlet.DispatcherServlet : FrameworkServlet 'dispatcherServlet': initialization completed in 10 ms
2017-11-08 11:14:47 [restartedMain] o.e.jetty.server.AbstractConnector : Started ServerConnector@51c79f23{HTTP/1.1,[http/1.1]}{0.0.0.0:8080}
2017-11-08 11:14:47 [restartedMain] o.s.b.c.e.j.JettyEmbeddedServletContainer : Jetty started on port(s) 8080 (http/1.1)
2017-11-08 11:14:47 [restartedMain] c.a.library.AnalyticsApplication : Started AnalyticsApplication in 3.911 seconds (JVM running for 9.927)
2017-11-08 11:16:03 [qtp224790442-55] o.s.w.s.m.s.DefaultHandlerExceptionResolver : Failed to read HTTP message: org.springframework.http.converter.HttpMessageNotReadableException: Required request body is missing: public org.springframework.http.ResponseEntity<java.lang.String> com.analytics.library.controllers.ButtonController.persistHistory(com.analytics.library.models.StatusCheck)
2017-11-08 11:16:03 [qtp224790442-55] o.s.w.s.m.s.DefaultHandlerExceptionResolver : Resolved exception caused by Handler execution: org.springframework.http.converter.HttpMessageNotReadableException: Required request body is missing: public org.springframework.http.ResponseEntity<java.lang.String> com.analytics.library.controllers.ButtonController.persistHistory(com.analytics.library.models.StatusCheck)
2017-11-08 11:16:28 [qtp224790442-58] o.s.web.servlet.PageNotFound : Request method 'GET' not supported
2017-11-08 11:16:28 [qtp224790442-58] o.s.w.s.m.s.DefaultHandlerExceptionResolver : Resolved exception caused by Handler execution: org.springframework.web.HttpRequestMethodNotSupportedException: Request method 'GET' not supported
2017-11-08 11:16:33 [qtp224790442-51] o.s.web.servlet.PageNotFound : Request method 'GET' not supported
2017-11-08 11:16:33 [qtp224790442-51] o.s.w.s.m.s.DefaultHandlerExceptionResolver : Resolved exception caused by Handler execution: org.springframework.web.HttpRequestMethodNotSupportedException: Request method 'GET' not supported
2017-11-08 11:17:53 [qtp224790442-56] o.s.web.servlet.PageNotFound : Request method 'POST' not supported
2017-11-08 11:17:53 [qtp224790442-56] o.s.w.s.m.s.DefaultHandlerExceptionResolver : Resolved exception caused by Handler execution: org.springframework.web.HttpRequestMethodNotSupportedException: Request method 'POST' not supported
2017-11-08 11:18:09 [qtp224790442-58] o.s.w.s.m.s.DefaultHandlerExceptionResolver : Failed to read HTTP message: org.springframework.http.converter.HttpMessageNotReadableException: Required request body is missing: public org.springframework.http.ResponseEntity<java.lang.String> com.analytics.library.controllers.ButtonController.persistHistory(com.analytics.library.models.StatusCheck)
2017-11-08 11:18:09 [qtp224790442-58] o.s.w.s.m.s.DefaultHandlerExceptionResolver : Resolved exception caused by Handler execution: org.springframework.http.converter.HttpMessageNotReadableException: Required request body is missing: public org.springframework.http.ResponseEntity<java.lang.String> com.analytics.library.controllers.ButtonController.persistHistory(com.analytics.library.models.StatusCheck)
2017-11-08 11:19:05 [qtp224790442-51] o.s.w.s.m.s.DefaultHandlerExceptionResolver : Failed to read HTTP message: org.springframework.http.converter.HttpMessageNotReadableException: Required request body is missing: public org.springframework.http.ResponseEntity<java.lang.String> com.analytics.library.controllers.ButtonController.persistHistory(com.analytics.library.models.StatusCheck)
2017-11-08 11:19:05 [qtp224790442-51] o.s.w.s.m.s.DefaultHandlerExceptionResolver : Resolved exception caused by Handler execution: org.springframework.http.converter.HttpMessageNotReadableException: Required request body is missing: public org.springframework.http.ResponseEntity<java.lang.String> com.analytics.library.controllers.ButtonController.persistHistory(com.analytics.library.models.StatusCheck)
2017-11-08 11:20:50 [qtp224790442-56] o.s.w.s.m.s.DefaultHandlerExceptionResolver : Failed to read HTTP message: org.springframework.http.converter.HttpMessageNotReadableException: Required request body is missing: public org.springframework.http.ResponseEntity<java.lang.String> com.analytics.library.controllers.ButtonController.persistHistory(com.analytics.library.models.StatusCheck)
2017-11-08 11:20:50 [qtp224790442-56] o.s.w.s.m.s.DefaultHandlerExceptionResolver : Resolved exception caused by Handler execution: org.springframework.http.converter.HttpMessageNotReadableException: Required request body is missing: public org.springframework.http.ResponseEntity<java.lang.String> com.analytics.library.controllers.ButtonController.persistHistory(com.analytics.library.models.StatusCheck)
